<?xml version="1.0" encoding="UTF-8"?>
<!-- Generated by org.testng.reporters.JUnitReportReporter -->
<testsuite hostname="DESKTOP-DOAPJ48" failures="0" tests="2" name="AutomationFramework.AutomationFrameworkJenkins.RegressionSuite" time="3.353" errors="0" timestamp="2023-03-05T20:13:41 IST" skipped="0">
  <testcase classname="AutomationFramework.AutomationFrameworkJenkins.RegressionSuite" name="VerifyTitle" time="0.020"/>
  <system-out/>
  <testcase classname="AutomationFramework.AutomationFrameworkJenkins.RegressionSuite" name="login" time="3.333"/>
  <system-out/>
</testsuite> <!-- AutomationFramework.AutomationFrameworkJenkins.RegressionSuite -->
