<?xml version="1.0" encoding="UTF-8"?>
<!-- Generated by org.testng.reporters.JUnitReportReporter -->
<testsuite hostname="DESKTOP-DOAPJ48" failures="0" tests="2" name="AutomationFramework.AutomationFrameworkJenkins.RegressionSuite" time="2.160" errors="0" timestamp="2023-03-05T20:50:18 IST" skipped="0">
  <testcase classname="AutomationFramework.AutomationFrameworkJenkins.RegressionSuite" name="login" time="2.146"/>
  <system-out/>
  <testcase classname="AutomationFramework.AutomationFrameworkJenkins.RegressionSuite" name="VerifyTitle" time="0.014"/>
  <system-out/>
</testsuite> <!-- AutomationFramework.AutomationFrameworkJenkins.RegressionSuite -->
